0 info it worked if it ends with ok
1 verbose cli [ 'node', '/usr/local/bin/npm', 'run', 'test:watch' ]
2 info using npm@1.4.28
3 info using node@v0.10.33
4 verbose run-script [ 'pretest:watch', 'test:watch', 'posttest:watch' ]
5 info pretest:watch cash-register@0.0.0
6 info test:watch cash-register@0.0.0
7 verbose unsafe-perm in lifecycle true
8 info cash-register@0.0.0 Failed to exec test:watch script
9 error cash-register@0.0.0 test:watch: `npm test -- --watch`
9 error Exit status 34
10 error Failed at the cash-register@0.0.0 test:watch script.
10 error This is most likely a problem with the cash-register package,
10 error not with npm itself.
10 error Tell the author that this fails on your system:
10 error     npm test -- --watch
10 error You can get their info via:
10 error     npm owner ls cash-register
10 error There is likely additional logging output above.
11 error System Darwin 15.6.0
12 error command "node" "/usr/local/bin/npm" "run" "test:watch"
13 error cwd /Users/zachpflederer/cash-register
14 error node -v v0.10.33
15 error npm -v 1.4.28
16 error code ELIFECYCLE
17 verbose exit [ 1, true ]
